0 verbose cli /usr/local/bin/node /usr/local/bin/npm
1 info using npm@8.19.4
2 info using node@v16.20.1
3 timing npm:load:whichnode Completed in 1ms
4 timing config:load:defaults Completed in 3ms
5 timing config:load:file:/usr/local/lib/node_modules/npm/npmrc Completed in 2ms
6 timing config:load:builtin Completed in 3ms
7 warn config production Use `--omit=dev` instead.
8 timing config:load:cli Completed in 7ms
9 timing config:load:env Completed in 0ms
10 timing config:load:file:/data/.npmrc Completed in 0ms
11 timing config:load:project Completed in 7ms
12 timing config:load:file:/usr/src/node-red/.npmrc Completed in 0ms
13 timing config:load:user Completed in 0ms
14 timing config:load:file:/usr/local/etc/npmrc Completed in 3ms
15 timing config:load:global Completed in 3ms
16 timing config:load:validate Completed in 0ms
17 timing config:load:credentials Completed in 2ms
18 timing config:load:setEnvs Completed in 2ms
19 timing config:load Completed in 29ms
20 timing npm:load:configload Completed in 29ms
21 timing npm:load:mkdirpcache Completed in 2ms
22 timing npm:load:mkdirplogs Completed in 1ms
23 verbose title npm install node-red-contrib-postgres-multi@0.2.0
24 verbose argv "install" "--no-audit" "--no-update-notifier" "--no-fund" "--save" "--save-prefix" "~" "--production" "--engine-strict" "node-red-contrib-postgres-multi@0.2.0"
25 timing npm:load:setTitle Completed in 3ms
26 timing config:load:flatten Completed in 6ms
27 timing npm:load:display Completed in 9ms
28 verbose logfile logs-max:10 dir:/data/.npm/_logs
29 verbose logfile /data/.npm/_logs/2023-07-17T19_41_18_276Z-debug-0.log
30 timing npm:load:logFile Completed in 10ms
31 timing npm:load:timers Completed in 1ms
32 timing npm:load:configScope Completed in 0ms
33 timing npm:load Completed in 56ms
34 timing arborist:ctor Completed in 1ms
35 silly logfile done cleaning log files
36 timing idealTree:init Completed in 74ms
37 timing idealTree:userRequests Completed in 4ms
38 silly idealTree buildDeps
39 silly fetch manifest node-red-contrib-postgres-multi@0.2.0
40 timing arborist:ctor Completed in 0ms
41 http fetch GET 200 https://registry.npmjs.org/node-red-contrib-postgres-multi 1047ms (cache miss)
42 silly placeDep ROOT node-red-contrib-postgres-multi@0.2.0 OK for: node-red-project@0.0.1 want: 0.2.0
43 silly fetch manifest pg@~7.4.1
44 silly fetch manifest node-postgres-named@^2.4.1
45 silly fetch manifest querystring@^0.2.0
46 http fetch GET 200 https://registry.npmjs.org/pg 228ms (cache revalidated)
47 http fetch GET 200 https://registry.npmjs.org/querystring 256ms (cache miss)
48 http fetch GET 200 https://registry.npmjs.org/node-postgres-named 771ms (cache miss)
49 timing idealTree:#root Completed in 1841ms
50 silly placeDep ROOT node-postgres-named@2.4.1 OK for: node-red-contrib-postgres-multi@0.2.0 want: ^2.4.1
51 silly placeDep node_modules/node-red-contrib-postgres-multi pg@7.4.3 OK for: node-red-contrib-postgres-multi@0.2.0 want: ~7.4.1
52 silly placeDep ROOT querystring@0.2.1 OK for: node-red-contrib-postgres-multi@0.2.0 want: ^0.2.0
53 silly fetch manifest lodash@^4.0.0
54 silly fetch manifest buffer-writer@1.0.1
55 silly fetch manifest packet-reader@0.3.1
56 silly fetch manifest pg-connection-string@0.1.3
57 silly fetch manifest pg-pool@~2.0.3
58 silly fetch manifest pg-types@~1.12.1
59 silly fetch manifest semver@4.3.2
60 http fetch GET 200 https://registry.npmjs.org/buffer-writer 197ms (cache revalidated)
61 http fetch GET 200 https://registry.npmjs.org/lodash 215ms (cache miss)
62 http fetch GET 200 https://registry.npmjs.org/semver 227ms (cache miss)
63 http fetch GET 200 https://registry.npmjs.org/pg-connection-string 293ms (cache revalidated)
64 http fetch GET 200 https://registry.npmjs.org/packet-reader 306ms (cache revalidated)
65 http fetch GET 200 https://registry.npmjs.org/pg-pool 331ms (cache revalidated)
66 http fetch GET 200 https://registry.npmjs.org/pg-types 344ms (cache revalidated)
67 timing idealTree:node_modules/node-red-contrib-postgres-multi Completed in 372ms
68 silly placeDep ROOT lodash@4.17.21 OK for: node-postgres-named@2.4.1 want: ^4.0.0
69 timing idealTree:node_modules/node-postgres-named Completed in 4ms
70 timing idealTree:node_modules/lodash Completed in 0ms
71 timing idealTree:node_modules/querystring Completed in 0ms
72 silly fetch manifest pg@>5.0
73 silly fetch manifest pg-native@>=3.0.1
74 http fetch GET 200 https://registry.npmjs.org/pg-native 92ms (cache revalidated)
75 silly placeDep node_modules/node-red-contrib-postgres-multi buffer-writer@1.0.1 OK for: pg@7.4.3 want: 1.0.1
76 silly placeDep node_modules/node-red-contrib-postgres-multi packet-reader@0.3.1 OK for: pg@7.4.3 want: 0.3.1
77 silly placeDep node_modules/node-red-contrib-postgres-multi pg-connection-string@0.1.3 OK for: pg@7.4.3 want: 0.1.3
78 silly placeDep node_modules/node-red-contrib-postgres-multi pg-pool@2.0.10 OK for: pg@7.4.3 want: ~2.0.3
79 silly placeDep node_modules/node-red-contrib-postgres-multi pg-types@1.12.1 OK for: pg@7.4.3 want: ~1.12.1
80 silly placeDep ROOT semver@4.3.2 OK for: pg@7.4.3 want: 4.3.2
81 silly fetch manifest postgres-array@~1.0.0
82 http fetch GET 200 https://registry.npmjs.org/postgres-array 95ms (cache revalidated)
83 timing idealTree:node_modules/node-red-contrib-postgres-multi/node_modules/pg Completed in 203ms
84 timing idealTree:node_modules/semver Completed in 0ms
85 timing idealTree:node_modules/node-red-contrib-postgres-multi/node_modules/buffer-writer Completed in 0ms
86 timing idealTree:node_modules/node-red-contrib-postgres-multi/node_modules/packet-reader Completed in 0ms
87 timing idealTree:node_modules/node-red-contrib-postgres-multi/node_modules/pg-connection-string Completed in 0ms
88 timing idealTree:node_modules/node-red-contrib-postgres-multi/node_modules/pg-pool Completed in 1ms
89 silly placeDep node_modules/node-red-contrib-postgres-multi postgres-array@1.0.3 OK for: pg-types@1.12.1 want: ~1.0.0
90 timing idealTree:node_modules/node-red-contrib-postgres-multi/node_modules/pg-types Completed in 3ms
91 timing idealTree:node_modules/node-red-contrib-postgres-multi/node_modules/postgres-array Completed in 0ms
92 timing idealTree:buildDeps Completed in 2426ms
93 timing idealTree:fixDepFlags Completed in 1ms
94 timing idealTree Completed in 2509ms
95 timing reify:loadTrees Completed in 2511ms
96 timing reify:diffTrees Completed in 4ms
97 silly reify moves {}
98 timing reify:retireShallow Completed in 3ms
99 timing reify:createSparse Completed in 6ms
100 timing reify:trashOmits Completed in 0ms
101 timing reify:loadBundles Completed in 0ms
102 silly tarball no local data for semver@https://registry.npmjs.org/semver/-/semver-4.3.2.tgz. Extracting by manifest.
103 silly tarball no local data for lodash@https://registry.npmjs.org/lodash/-/lodash-4.17.21.tgz. Extracting by manifest.
104 silly tarball no local data for querystring@https://registry.npmjs.org/querystring/-/querystring-0.2.1.tgz. Extracting by manifest.
105 silly tarball no local data for node-postgres-named@https://registry.npmjs.org/node-postgres-named/-/node-postgres-named-2.4.1.tgz. Extracting by manifest.
106 silly tarball no local data for node-red-contrib-postgres-multi@https://registry.npmjs.org/node-red-contrib-postgres-multi/-/node-red-contrib-postgres-multi-0.2.0.tgz. Extracting by manifest.
107 silly tarball no local data for postgres-array@https://registry.npmjs.org/postgres-array/-/postgres-array-1.0.3.tgz. Extracting by manifest.
108 silly tarball no local data for pg-types@https://registry.npmjs.org/pg-types/-/pg-types-1.12.1.tgz. Extracting by manifest.
109 silly tarball no local data for pg-pool@https://registry.npmjs.org/pg-pool/-/pg-pool-2.0.10.tgz. Extracting by manifest.
110 silly tarball no local data for pg-connection-string@https://registry.npmjs.org/pg-connection-string/-/pg-connection-string-0.1.3.tgz. Extracting by manifest.
111 silly tarball no local data for packet-reader@https://registry.npmjs.org/packet-reader/-/packet-reader-0.3.1.tgz. Extracting by manifest.
112 silly tarball no local data for pg@https://registry.npmjs.org/pg/-/pg-7.4.3.tgz. Extracting by manifest.
113 silly tarball no local data for buffer-writer@https://registry.npmjs.org/buffer-writer/-/buffer-writer-1.0.1.tgz. Extracting by manifest.
114 http fetch GET 200 https://registry.npmjs.org/querystring/-/querystring-0.2.1.tgz 239ms (cache miss)
115 warn deprecated querystring@0.2.1: The querystring API is considered Legacy. new code should use the URLSearchParams API instead.
116 timing reifyNode:node_modules/querystring Completed in 257ms
117 http fetch GET 200 https://registry.npmjs.org/node-postgres-named/-/node-postgres-named-2.4.1.tgz 247ms (cache miss)
118 timing reifyNode:node_modules/node-postgres-named Completed in 265ms
119 http fetch GET 200 https://registry.npmjs.org/postgres-array/-/postgres-array-1.0.3.tgz 246ms (cache miss)
120 timing reifyNode:node_modules/node-red-contrib-postgres-multi/node_modules/postgres-array Completed in 266ms
121 http fetch GET 200 https://registry.npmjs.org/pg-types/-/pg-types-1.12.1.tgz 251ms (cache miss)
122 timing reifyNode:node_modules/node-red-contrib-postgres-multi/node_modules/pg-types Completed in 273ms
123 http fetch GET 200 https://registry.npmjs.org/semver/-/semver-4.3.2.tgz 258ms (cache miss)
124 timing reifyNode:node_modules/semver Completed in 274ms
125 http fetch GET 200 https://registry.npmjs.org/buffer-writer/-/buffer-writer-1.0.1.tgz 279ms (cache miss)
126 timing reifyNode:node_modules/node-red-contrib-postgres-multi/node_modules/buffer-writer Completed in 309ms
127 http fetch GET 200 https://registry.npmjs.org/pg-connection-string/-/pg-connection-string-0.1.3.tgz 361ms (cache miss)
128 timing reifyNode:node_modules/node-red-contrib-postgres-multi/node_modules/pg-connection-string Completed in 387ms
129 http fetch GET 200 https://registry.npmjs.org/pg-pool/-/pg-pool-2.0.10.tgz 364ms (cache miss)
130 timing reifyNode:node_modules/node-red-contrib-postgres-multi/node_modules/pg-pool Completed in 389ms
131 http fetch GET 200 https://registry.npmjs.org/packet-reader/-/packet-reader-0.3.1.tgz 426ms (cache miss)
132 timing reifyNode:node_modules/node-red-contrib-postgres-multi/node_modules/packet-reader Completed in 453ms
133 http fetch GET 200 https://registry.npmjs.org/pg/-/pg-7.4.3.tgz 461ms (cache miss)
134 timing reifyNode:node_modules/node-red-contrib-postgres-multi/node_modules/pg Completed in 490ms
135 http fetch GET 200 https://registry.npmjs.org/node-red-contrib-postgres-multi/-/node-red-contrib-postgres-multi-0.2.0.tgz 871ms (cache miss)
136 timing reifyNode:node_modules/node-red-contrib-postgres-multi Completed in 890ms
137 http fetch GET 200 https://registry.npmjs.org/lodash/-/lodash-4.17.21.tgz 951ms (cache miss)
138 timing reifyNode:node_modules/lodash Completed in 967ms
139 timing reify:unpack Completed in 969ms
140 timing reify:unretire Completed in 0ms
141 timing build:queue Completed in 1ms
142 timing build:link:node_modules/semver Completed in 3ms
143 timing build:link Completed in 3ms
144 timing build:deps Completed in 5ms
145 timing build Completed in 5ms
146 timing reify:build Completed in 6ms
147 timing reify:trash Completed in 0ms
148 timing reify:save Completed in 15ms
149 timing reify Completed in 3527ms
150 silly ADD node_modules/semver
151 silly ADD node_modules/lodash
152 silly ADD node_modules/querystring
153 silly ADD node_modules/node-postgres-named
154 silly ADD node_modules/node-red-contrib-postgres-multi
155 silly ADD node_modules/node-red-contrib-postgres-multi/node_modules/postgres-array
156 silly ADD node_modules/node-red-contrib-postgres-multi/node_modules/pg-types
157 silly ADD node_modules/node-red-contrib-postgres-multi/node_modules/pg-pool
158 silly ADD node_modules/node-red-contrib-postgres-multi/node_modules/pg-connection-string
159 silly ADD node_modules/node-red-contrib-postgres-multi/node_modules/packet-reader
160 silly ADD node_modules/node-red-contrib-postgres-multi/node_modules/buffer-writer
161 silly ADD node_modules/node-red-contrib-postgres-multi/node_modules/pg
162 timing command:install Completed in 3534ms
163 verbose exit 0
164 timing npm Completed in 3761ms
165 info ok
