0 verbose cli /usr/local/bin/node /usr/local/bin/npm
1 info using npm@8.19.4
2 info using node@v16.20.1
3 timing npm:load:whichnode Completed in 1ms
4 timing config:load:defaults Completed in 3ms
5 timing config:load:file:/usr/local/lib/node_modules/npm/npmrc Completed in 2ms
6 timing config:load:builtin Completed in 8ms
7 warn config production Use `--omit=dev` instead.
8 timing config:load:cli Completed in 7ms
9 timing config:load:env Completed in 0ms
10 timing config:load:file:/data/.npmrc Completed in 1ms
11 timing config:load:project Completed in 2ms
12 timing config:load:file:/usr/src/node-red/.npmrc Completed in 0ms
13 timing config:load:user Completed in 0ms
14 timing config:load:file:/usr/local/etc/npmrc Completed in 2ms
15 timing config:load:global Completed in 2ms
16 timing config:load:validate Completed in 0ms
17 timing config:load:credentials Completed in 1ms
18 timing config:load:setEnvs Completed in 1ms
19 timing config:load Completed in 24ms
20 timing npm:load:configload Completed in 24ms
21 timing npm:load:mkdirpcache Completed in 1ms
22 timing npm:load:mkdirplogs Completed in 1ms
23 verbose title npm install node-red-contrib-postgresql@0.13.0
24 verbose argv "install" "--no-audit" "--no-update-notifier" "--no-fund" "--save" "--save-prefix" "~" "--production" "--engine-strict" "node-red-contrib-postgresql@0.13.0"
25 timing npm:load:setTitle Completed in 2ms
26 timing config:load:flatten Completed in 4ms
27 timing npm:load:display Completed in 6ms
28 verbose logfile logs-max:10 dir:/data/.npm/_logs
29 verbose logfile /data/.npm/_logs/2023-07-17T19_07_37_819Z-debug-0.log
30 timing npm:load:logFile Completed in 6ms
31 timing npm:load:timers Completed in 0ms
32 timing npm:load:configScope Completed in 0ms
33 timing npm:load Completed in 41ms
34 timing arborist:ctor Completed in 1ms
35 silly logfile done cleaning log files
36 timing arborist:ctor Completed in 0ms
37 timing idealTree:init Completed in 16ms
38 timing idealTree:userRequests Completed in 5ms
39 silly idealTree buildDeps
40 silly fetch manifest node-red-contrib-postgresql@0.13.0
41 http fetch GET 200 https://registry.npmjs.org/node-red-contrib-postgresql 1175ms (cache miss)
42 silly placeDep ROOT node-red-contrib-postgresql@0.13.0 OK for: node-red-project@0.0.1 want: 0.13.0
43 silly fetch manifest mustache@^4.2.0
44 silly fetch manifest pg@^8.11.0
45 silly fetch manifest pg-cursor@^2.10.0
46 http fetch GET 200 https://registry.npmjs.org/mustache 116ms (cache miss)
47 http fetch GET 200 https://registry.npmjs.org/pg 357ms (cache miss)
48 http fetch GET 200 https://registry.npmjs.org/pg-cursor 935ms (cache miss)
49 timing idealTree:#root Completed in 2136ms
50 silly fetch manifest pg-native@>=3.0.1
51 http fetch GET 200 https://registry.npmjs.org/pg-native 93ms (cache miss)
52 silly placeDep ROOT mustache@4.2.0 OK for: node-red-contrib-postgresql@0.13.0 want: ^4.2.0
53 silly placeDep ROOT pg@8.11.1 OK for: node-red-contrib-postgresql@0.13.0 want: ^8.11.0
54 silly placeDep ROOT pg-cursor@2.10.1 OK for: node-red-contrib-postgresql@0.13.0 want: ^2.10.0
55 silly fetch manifest buffer-writer@2.0.0
56 silly fetch manifest packet-reader@1.0.0
57 silly fetch manifest pg-connection-string@^2.6.1
58 silly fetch manifest pg-pool@^3.6.1
59 silly fetch manifest pg-protocol@^1.6.0
60 silly fetch manifest pg-types@^2.1.0
61 silly fetch manifest pgpass@1.x
62 silly fetch manifest pg-cloudflare@^1.1.1
63 http fetch GET 200 https://registry.npmjs.org/buffer-writer 116ms (cache miss)
64 http fetch GET 200 https://registry.npmjs.org/packet-reader 117ms (cache miss)
65 http fetch GET 200 https://registry.npmjs.org/pg-connection-string 118ms (cache miss)
66 http fetch GET 200 https://registry.npmjs.org/pg-protocol 266ms (cache miss)
67 http fetch GET 200 https://registry.npmjs.org/pgpass 272ms (cache miss)
68 http fetch GET 200 https://registry.npmjs.org/pg-types 276ms (cache miss)
69 http fetch GET 200 https://registry.npmjs.org/pg-cloudflare 969ms (cache miss)
70 http fetch GET 200 https://registry.npmjs.org/pg-pool 975ms (cache miss)
71 timing idealTree:node_modules/node-red-contrib-postgresql Completed in 1097ms
72 timing idealTree:node_modules/mustache Completed in 0ms
73 silly fetch manifest pg@>=8.0
74 silly placeDep ROOT buffer-writer@2.0.0 OK for: pg@8.11.1 want: 2.0.0
75 silly placeDep ROOT packet-reader@1.0.0 OK for: pg@8.11.1 want: 1.0.0
76 silly placeDep ROOT pg-cloudflare@1.1.1 OK for: pg@8.11.1 want: ^1.1.1
77 silly placeDep ROOT pg-connection-string@2.6.1 OK for: pg@8.11.1 want: ^2.6.1
78 silly placeDep ROOT pg-pool@3.6.1 OK for: pg@8.11.1 want: ^3.6.1
79 silly placeDep ROOT pg-protocol@1.6.0 OK for: pg@8.11.1 want: ^1.6.0
80 silly placeDep ROOT pg-types@2.2.0 OK for: pg@8.11.1 want: ^2.1.0
81 silly placeDep ROOT pgpass@1.0.5 OK for: pg@8.11.1 want: 1.x
82 silly fetch manifest pg-int8@1.0.1
83 silly fetch manifest postgres-array@~2.0.0
84 silly fetch manifest postgres-bytea@~1.0.0
85 silly fetch manifest postgres-date@~1.0.4
86 silly fetch manifest postgres-interval@^1.1.0
87 silly fetch manifest split2@^4.1.0
88 http fetch GET 200 https://registry.npmjs.org/postgres-array 101ms (cache miss)
89 http fetch GET 200 https://registry.npmjs.org/pg-int8 104ms (cache miss)
90 http fetch GET 200 https://registry.npmjs.org/postgres-bytea 104ms (cache miss)
91 http fetch GET 200 https://registry.npmjs.org/postgres-date 109ms (cache miss)
92 http fetch GET 200 https://registry.npmjs.org/postgres-interval 110ms (cache miss)
93 http fetch GET 200 https://registry.npmjs.org/split2 120ms (cache miss)
94 timing idealTree:node_modules/pg Completed in 143ms
95 timing idealTree:node_modules/buffer-writer Completed in 0ms
96 timing idealTree:node_modules/packet-reader Completed in 0ms
97 timing idealTree:node_modules/pg-cloudflare Completed in 0ms
98 timing idealTree:node_modules/pg-connection-string Completed in 0ms
99 timing idealTree:node_modules/pg-cursor Completed in 1ms
100 timing idealTree:node_modules/pg-pool Completed in 0ms
101 timing idealTree:node_modules/pg-protocol Completed in 0ms
102 silly placeDep ROOT pg-int8@1.0.1 OK for: pg-types@2.2.0 want: 1.0.1
103 silly placeDep ROOT postgres-array@2.0.0 OK for: pg-types@2.2.0 want: ~2.0.0
104 silly placeDep ROOT postgres-bytea@1.0.0 OK for: pg-types@2.2.0 want: ~1.0.0
105 silly placeDep ROOT postgres-date@1.0.7 OK for: pg-types@2.2.0 want: ~1.0.4
106 silly placeDep ROOT postgres-interval@1.2.0 OK for: pg-types@2.2.0 want: ^1.1.0
107 silly fetch manifest xtend@^4.0.0
108 http fetch GET 200 https://registry.npmjs.org/xtend 75ms (cache miss)
109 timing idealTree:node_modules/pg-types Completed in 83ms
110 timing idealTree:node_modules/pg-int8 Completed in 0ms
111 silly placeDep ROOT split2@4.2.0 OK for: pgpass@1.0.5 want: ^4.1.0
112 timing idealTree:node_modules/pgpass Completed in 1ms
113 timing idealTree:node_modules/postgres-array Completed in 0ms
114 timing idealTree:node_modules/postgres-bytea Completed in 0ms
115 timing idealTree:node_modules/postgres-date Completed in 0ms
116 silly placeDep ROOT xtend@4.0.2 OK for: postgres-interval@1.2.0 want: ^4.0.0
117 timing idealTree:node_modules/postgres-interval Completed in 1ms
118 timing idealTree:node_modules/split2 Completed in 0ms
119 timing idealTree:node_modules/xtend Completed in 0ms
120 timing idealTree:buildDeps Completed in 3464ms
121 timing idealTree:fixDepFlags Completed in 1ms
122 timing idealTree Completed in 3490ms
123 timing reify:loadTrees Completed in 3491ms
124 timing reify:diffTrees Completed in 3ms
125 silly reify moves {}
126 timing reify:retireShallow Completed in 1ms
127 timing reify:createSparse Completed in 7ms
128 timing reify:trashOmits Completed in 0ms
129 timing reify:loadBundles Completed in 0ms
130 silly tarball no local data for split2@https://registry.npmjs.org/split2/-/split2-4.2.0.tgz. Extracting by manifest.
131 silly tarball no local data for postgres-interval@https://registry.npmjs.org/postgres-interval/-/postgres-interval-1.2.0.tgz. Extracting by manifest.
132 silly tarball no local data for postgres-date@https://registry.npmjs.org/postgres-date/-/postgres-date-1.0.7.tgz. Extracting by manifest.
133 silly tarball no local data for postgres-array@https://registry.npmjs.org/postgres-array/-/postgres-array-2.0.0.tgz. Extracting by manifest.
134 silly tarball no local data for postgres-bytea@https://registry.npmjs.org/postgres-bytea/-/postgres-bytea-1.0.0.tgz. Extracting by manifest.
135 silly tarball no local data for pg-int8@https://registry.npmjs.org/pg-int8/-/pg-int8-1.0.1.tgz. Extracting by manifest.
136 silly tarball no local data for pgpass@https://registry.npmjs.org/pgpass/-/pgpass-1.0.5.tgz. Extracting by manifest.
137 silly tarball no local data for pg-types@https://registry.npmjs.org/pg-types/-/pg-types-2.2.0.tgz. Extracting by manifest.
138 silly tarball no local data for pg-protocol@https://registry.npmjs.org/pg-protocol/-/pg-protocol-1.6.0.tgz. Extracting by manifest.
139 silly tarball no local data for pg-pool@https://registry.npmjs.org/pg-pool/-/pg-pool-3.6.1.tgz. Extracting by manifest.
140 silly tarball no local data for xtend@https://registry.npmjs.org/xtend/-/xtend-4.0.2.tgz. Extracting by manifest.
141 silly tarball no local data for pg-connection-string@https://registry.npmjs.org/pg-connection-string/-/pg-connection-string-2.6.1.tgz. Extracting by manifest.
142 silly tarball no local data for packet-reader@https://registry.npmjs.org/packet-reader/-/packet-reader-1.0.0.tgz. Extracting by manifest.
143 silly tarball no local data for buffer-writer@https://registry.npmjs.org/buffer-writer/-/buffer-writer-2.0.0.tgz. Extracting by manifest.
144 silly tarball no local data for pg@https://registry.npmjs.org/pg/-/pg-8.11.1.tgz. Extracting by manifest.
145 silly tarball no local data for mustache@https://registry.npmjs.org/mustache/-/mustache-4.2.0.tgz. Extracting by manifest.
146 silly tarball no local data for node-red-contrib-postgresql@https://registry.npmjs.org/node-red-contrib-postgresql/-/node-red-contrib-postgresql-0.13.0.tgz. Extracting by manifest.
147 silly tarball no local data for pg-cloudflare@https://registry.npmjs.org/pg-cloudflare/-/pg-cloudflare-1.1.1.tgz. Extracting by manifest.
148 silly tarball no local data for pg-cursor@https://registry.npmjs.org/pg-cursor/-/pg-cursor-2.10.1.tgz. Extracting by manifest.
149 http fetch GET 200 https://registry.npmjs.org/pgpass/-/pgpass-1.0.5.tgz 206ms (cache miss)
150 timing reifyNode:node_modules/pgpass Completed in 241ms
151 http fetch GET 200 https://registry.npmjs.org/postgres-array/-/postgres-array-2.0.0.tgz 212ms (cache miss)
152 timing reifyNode:node_modules/postgres-array Completed in 241ms
153 http fetch GET 200 https://registry.npmjs.org/split2/-/split2-4.2.0.tgz 217ms (cache miss)
154 timing reifyNode:node_modules/split2 Completed in 242ms
155 http fetch GET 200 https://registry.npmjs.org/pg-int8/-/pg-int8-1.0.1.tgz 211ms (cache miss)
156 timing reifyNode:node_modules/pg-int8 Completed in 243ms
157 http fetch GET 200 https://registry.npmjs.org/postgres-interval/-/postgres-interval-1.2.0.tgz 218ms (cache miss)
158 timing reifyNode:node_modules/postgres-interval Completed in 245ms
159 http fetch GET 200 https://registry.npmjs.org/postgres-bytea/-/postgres-bytea-1.0.0.tgz 214ms (cache miss)
160 timing reifyNode:node_modules/postgres-bytea Completed in 245ms
161 http fetch GET 200 https://registry.npmjs.org/postgres-date/-/postgres-date-1.0.7.tgz 219ms (cache miss)
162 timing reifyNode:node_modules/postgres-date Completed in 248ms
163 http fetch GET 200 https://registry.npmjs.org/pg-types/-/pg-types-2.2.0.tgz 214ms (cache miss)
164 timing reifyNode:node_modules/pg-types Completed in 248ms
165 http fetch GET 200 https://registry.npmjs.org/pg-cursor/-/pg-cursor-2.10.1.tgz 242ms (cache miss)
166 timing reifyNode:node_modules/pg-cursor Completed in 295ms
167 http fetch GET 200 https://registry.npmjs.org/pg-cloudflare/-/pg-cloudflare-1.1.1.tgz 247ms (cache miss)
168 timing reifyNode:node_modules/pg-cloudflare Completed in 298ms
169 http fetch GET 200 https://registry.npmjs.org/mustache/-/mustache-4.2.0.tgz 258ms (cache miss)
170 timing reifyNode:node_modules/mustache Completed in 308ms
171 http fetch GET 200 https://registry.npmjs.org/node-red-contrib-postgresql/-/node-red-contrib-postgresql-0.13.0.tgz 298ms (cache miss)
172 timing reifyNode:node_modules/node-red-contrib-postgresql Completed in 348ms
173 http fetch GET 200 https://registry.npmjs.org/pg-connection-string/-/pg-connection-string-2.6.1.tgz 313ms (cache miss)
174 timing reifyNode:node_modules/pg-connection-string Completed in 353ms
175 http fetch GET 200 https://registry.npmjs.org/packet-reader/-/packet-reader-1.0.0.tgz 313ms (cache miss)
176 timing reifyNode:node_modules/packet-reader Completed in 354ms
177 http fetch GET 200 https://registry.npmjs.org/pg/-/pg-8.11.1.tgz 327ms (cache miss)
178 timing reifyNode:node_modules/pg Completed in 374ms
179 http fetch GET 200 https://registry.npmjs.org/pg-protocol/-/pg-protocol-1.6.0.tgz 365ms (cache miss)
180 timing reifyNode:node_modules/pg-protocol Completed in 400ms
181 http fetch GET 200 https://registry.npmjs.org/xtend/-/xtend-4.0.2.tgz 370ms (cache miss)
182 timing reifyNode:node_modules/xtend Completed in 409ms
183 http fetch GET 200 https://registry.npmjs.org/buffer-writer/-/buffer-writer-2.0.0.tgz 370ms (cache miss)
184 timing reifyNode:node_modules/buffer-writer Completed in 416ms
185 http fetch GET 200 https://registry.npmjs.org/pg-pool/-/pg-pool-3.6.1.tgz 386ms (cache miss)
186 timing reifyNode:node_modules/pg-pool Completed in 423ms
187 timing reify:unpack Completed in 425ms
188 timing reify:unretire Completed in 0ms
189 timing build:queue Completed in 1ms
190 timing build:link:node_modules/mustache Completed in 3ms
191 timing build:link Completed in 3ms
192 timing build:deps Completed in 5ms
193 timing build Completed in 6ms
194 timing reify:build Completed in 6ms
195 timing reify:trash Completed in 0ms
196 timing reify:save Completed in 19ms
197 timing reify Completed in 3964ms
198 silly ADD node_modules/xtend
199 silly ADD node_modules/split2
200 silly ADD node_modules/postgres-interval
201 silly ADD node_modules/postgres-date
202 silly ADD node_modules/postgres-bytea
203 silly ADD node_modules/postgres-array
204 silly ADD node_modules/pg-int8
205 silly ADD node_modules/pgpass
206 silly ADD node_modules/pg-types
207 silly ADD node_modules/pg-protocol
208 silly ADD node_modules/pg-pool
209 silly ADD node_modules/pg-connection-string
210 silly ADD node_modules/pg-cloudflare
211 silly ADD node_modules/packet-reader
212 silly ADD node_modules/buffer-writer
213 silly ADD node_modules/pg-cursor
214 silly ADD node_modules/pg
215 silly ADD node_modules/mustache
216 silly ADD node_modules/node-red-contrib-postgresql
217 timing command:install Completed in 3969ms
218 verbose exit 0
219 timing npm Completed in 4191ms
220 info ok
